,number,value,datetime_start,datetime_complete,duration,params_LOSS_SCALE,params_lr,system_attrs_grid_id,system_attrs_search_space,state
0,0,36.13572692871094,2025-01-06 21:54:50.881152,2025-01-06 22:03:23.340445,0 days 00:08:32.459293,10.0,0.01,0,"{'LOSS_SCALE': [1.0, 10.0, 100.0, 1000.0], 'lr': [1e-07, 1e-06, 1e-05, 0.0001, 0.001, 0.01]}",COMPLETE
1,1,6.342623233795166,2025-01-06 22:03:23.342444,2025-01-06 22:11:10.080684,0 days 00:07:46.738240,10.0,0.001,1,"{'LOSS_SCALE': [1.0, 10.0, 100.0, 1000.0], 'lr': [1e-07, 1e-06, 1e-05, 0.0001, 0.001, 0.01]}",COMPLETE
2,2,12.536155700683594,2025-01-06 22:11:10.081693,2025-01-06 22:19:01.269204,0 days 00:07:51.187511,1000.0,0.001,2,"{'LOSS_SCALE': [1.0, 10.0, 100.0, 1000.0], 'lr': [1e-07, 1e-06, 1e-05, 0.0001, 0.001, 0.01]}",COMPLETE
3,3,3.0960495471954346,2025-01-06 22:19:01.270204,2025-01-06 22:26:55.967806,0 days 00:07:54.697602,100.0,1e-05,3,"{'LOSS_SCALE': [1.0, 10.0, 100.0, 1000.0], 'lr': [1e-07, 1e-06, 1e-05, 0.0001, 0.001, 0.01]}",COMPLETE
4,4,2.8995540142059326,2025-01-06 22:26:55.968805,2025-01-06 22:34:50.229257,0 days 00:07:54.260452,1000.0,1e-05,4,"{'LOSS_SCALE': [1.0, 10.0, 100.0, 1000.0], 'lr': [1e-07, 1e-06, 1e-05, 0.0001, 0.001, 0.01]}",COMPLETE
5,5,19.09035301208496,2025-01-06 22:34:50.231257,2025-01-06 22:42:45.015876,0 days 00:07:54.784619,1.0,1e-06,5,"{'LOSS_SCALE': [1.0, 10.0, 100.0, 1000.0], 'lr': [1e-07, 1e-06, 1e-05, 0.0001, 0.001, 0.01]}",COMPLETE
6,6,19.684371948242188,2025-01-06 22:42:45.017875,2025-01-06 22:50:39.479225,0 days 00:07:54.461350,100.0,1e-06,6,"{'LOSS_SCALE': [1.0, 10.0, 100.0, 1000.0], 'lr': [1e-07, 1e-06, 1e-05, 0.0001, 0.001, 0.01]}",COMPLETE
7,7,23.474199295043945,2025-01-06 22:50:39.481223,2025-01-06 22:58:28.211978,0 days 00:07:48.730755,1000.0,0.01,7,"{'LOSS_SCALE': [1.0, 10.0, 100.0, 1000.0], 'lr': [1e-07, 1e-06, 1e-05, 0.0001, 0.001, 0.01]}",COMPLETE
8,8,6.705423355102539,2025-01-06 22:58:28.213977,2025-01-06 23:06:27.600926,0 days 00:07:59.386949,100.0,0.001,8,"{'LOSS_SCALE': [1.0, 10.0, 100.0, 1000.0], 'lr': [1e-07, 1e-06, 1e-05, 0.0001, 0.001, 0.01]}",COMPLETE
9,9,2.829834461212158,2025-01-06 23:06:27.602929,2025-01-06 23:14:20.337773,0 days 00:07:52.734844,10.0,1e-05,9,"{'LOSS_SCALE': [1.0, 10.0, 100.0, 1000.0], 'lr': [1e-07, 1e-06, 1e-05, 0.0001, 0.001, 0.01]}",COMPLETE
10,10,25.436622619628906,2025-01-06 23:14:20.338769,2025-01-06 23:22:17.252856,0 days 00:07:56.914087,10.0,1e-07,10,"{'LOSS_SCALE': [1.0, 10.0, 100.0, 1000.0], 'lr': [1e-07, 1e-06, 1e-05, 0.0001, 0.001, 0.01]}",COMPLETE
11,11,23.714645385742188,2025-01-06 23:22:17.253850,2025-01-06 23:30:08.840297,0 days 00:07:51.586447,100.0,0.01,11,"{'LOSS_SCALE': [1.0, 10.0, 100.0, 1000.0], 'lr': [1e-07, 1e-06, 1e-05, 0.0001, 0.001, 0.01]}",COMPLETE
12,12,8.399811744689941,2025-01-06 23:30:08.841297,2025-01-06 23:38:05.502409,0 days 00:07:56.661112,1.0,0.001,12,"{'LOSS_SCALE': [1.0, 10.0, 100.0, 1000.0], 'lr': [1e-07, 1e-06, 1e-05, 0.0001, 0.001, 0.01]}",COMPLETE
13,13,3.6777825355529785,2025-01-06 23:38:05.503408,2025-01-06 23:45:57.067868,0 days 00:07:51.564460,1.0,1e-05,13,"{'LOSS_SCALE': [1.0, 10.0, 100.0, 1000.0], 'lr': [1e-07, 1e-06, 1e-05, 0.0001, 0.001, 0.01]}",COMPLETE
14,14,16.867719650268555,2025-01-06 23:45:57.069873,2025-01-06 23:53:53.228888,0 days 00:07:56.159015,1.0,0.01,14,"{'LOSS_SCALE': [1.0, 10.0, 100.0, 1000.0], 'lr': [1e-07, 1e-06, 1e-05, 0.0001, 0.001, 0.01]}",COMPLETE
15,15,23.1483154296875,2025-01-06 23:53:53.230885,2025-01-07 00:01:46.193757,0 days 00:07:52.962872,1000.0,1e-07,15,"{'LOSS_SCALE': [1.0, 10.0, 100.0, 1000.0], 'lr': [1e-07, 1e-06, 1e-05, 0.0001, 0.001, 0.01]}",COMPLETE
16,16,1.9374732971191406,2025-01-07 00:01:46.194752,2025-01-07 00:09:41.675812,0 days 00:07:55.481060,10.0,0.0001,16,"{'LOSS_SCALE': [1.0, 10.0, 100.0, 1000.0], 'lr': [1e-07, 1e-06, 1e-05, 0.0001, 0.001, 0.01]}",COMPLETE
17,17,19.219318389892578,2025-01-07 00:09:41.676812,2025-01-07 00:17:35.752930,0 days 00:07:54.076118,10.0,1e-06,17,"{'LOSS_SCALE': [1.0, 10.0, 100.0, 1000.0], 'lr': [1e-07, 1e-06, 1e-05, 0.0001, 0.001, 0.01]}",COMPLETE
18,18,18.077871322631836,2025-01-07 00:17:35.753932,2025-01-07 00:25:25.714862,0 days 00:07:49.960930,1000.0,1e-06,18,"{'LOSS_SCALE': [1.0, 10.0, 100.0, 1000.0], 'lr': [1e-07, 1e-06, 1e-05, 0.0001, 0.001, 0.01]}",COMPLETE
19,19,1.9877413511276245,2025-01-07 00:25:25.716860,2025-01-07 00:33:23.231940,0 days 00:07:57.515080,1.0,0.0001,19,"{'LOSS_SCALE': [1.0, 10.0, 100.0, 1000.0], 'lr': [1e-07, 1e-06, 1e-05, 0.0001, 0.001, 0.01]}",COMPLETE
20,20,24.127477645874023,2025-01-07 00:33:23.233939,2025-01-07 00:41:11.814984,0 days 00:07:48.581045,1.0,1e-07,20,"{'LOSS_SCALE': [1.0, 10.0, 100.0, 1000.0], 'lr': [1e-07, 1e-06, 1e-05, 0.0001, 0.001, 0.01]}",COMPLETE
21,21,2.5440926551818848,2025-01-07 00:41:11.815979,2025-01-07 00:49:10.660960,0 days 00:07:58.844981,1000.0,0.0001,21,"{'LOSS_SCALE': [1.0, 10.0, 100.0, 1000.0], 'lr': [1e-07, 1e-06, 1e-05, 0.0001, 0.001, 0.01]}",COMPLETE
22,22,2.180004358291626,2025-01-07 00:49:10.662958,2025-01-07 00:56:59.232268,0 days 00:07:48.569310,100.0,0.0001,22,"{'LOSS_SCALE': [1.0, 10.0, 100.0, 1000.0], 'lr': [1e-07, 1e-06, 1e-05, 0.0001, 0.001, 0.01]}",COMPLETE
23,23,24.23268699645996,2025-01-07 00:56:59.234264,2025-01-07 01:04:59.596002,0 days 00:08:00.361738,100.0,1e-07,23,"{'LOSS_SCALE': [1.0, 10.0, 100.0, 1000.0], 'lr': [1e-07, 1e-06, 1e-05, 0.0001, 0.001, 0.01]}",COMPLETE
