,number,value,datetime_start,datetime_complete,duration,params_LOSS_SCALE,params_lr,system_attrs_grid_id,system_attrs_search_space,state
0,0,12.815587997436523,2025-01-06 12:07:56.368323,2025-01-06 12:13:58.067770,0 days 00:06:01.699447,10.0,0.01,0,"{'LOSS_SCALE': [1.0, 10.0, 100.0, 1000.0], 'lr': [1e-07, 1e-06, 1e-05, 0.0001, 0.001, 0.01]}",COMPLETE
1,1,3.11340069770813,2025-01-06 12:13:58.068770,2025-01-06 12:19:42.025728,0 days 00:05:43.956958,10.0,0.001,1,"{'LOSS_SCALE': [1.0, 10.0, 100.0, 1000.0], 'lr': [1e-07, 1e-06, 1e-05, 0.0001, 0.001, 0.01]}",COMPLETE
2,2,2.8178791999816895,2025-01-06 12:19:42.027727,2025-01-06 12:25:41.261709,0 days 00:05:59.233982,1000.0,0.001,2,"{'LOSS_SCALE': [1.0, 10.0, 100.0, 1000.0], 'lr': [1e-07, 1e-06, 1e-05, 0.0001, 0.001, 0.01]}",COMPLETE
3,3,4.19406795501709,2025-01-06 12:25:41.263709,2025-01-06 12:31:36.099717,0 days 00:05:54.836008,100.0,1e-05,3,"{'LOSS_SCALE': [1.0, 10.0, 100.0, 1000.0], 'lr': [1e-07, 1e-06, 1e-05, 0.0001, 0.001, 0.01]}",COMPLETE
4,4,4.523653030395508,2025-01-06 12:31:36.101717,2025-01-06 12:37:32.149515,0 days 00:05:56.047798,1000.0,1e-05,4,"{'LOSS_SCALE': [1.0, 10.0, 100.0, 1000.0], 'lr': [1e-07, 1e-06, 1e-05, 0.0001, 0.001, 0.01]}",COMPLETE
5,5,22.377338409423828,2025-01-06 12:37:32.151513,2025-01-06 12:43:28.483509,0 days 00:05:56.331996,1.0,1e-06,5,"{'LOSS_SCALE': [1.0, 10.0, 100.0, 1000.0], 'lr': [1e-07, 1e-06, 1e-05, 0.0001, 0.001, 0.01]}",COMPLETE
6,6,22.847726821899414,2025-01-06 12:43:28.484509,2025-01-06 12:49:25.962076,0 days 00:05:57.477567,100.0,1e-06,6,"{'LOSS_SCALE': [1.0, 10.0, 100.0, 1000.0], 'lr': [1e-07, 1e-06, 1e-05, 0.0001, 0.001, 0.01]}",COMPLETE
7,7,41.051448822021484,2025-01-06 12:49:25.963076,2025-01-06 12:55:13.457956,0 days 00:05:47.494880,1000.0,0.01,7,"{'LOSS_SCALE': [1.0, 10.0, 100.0, 1000.0], 'lr': [1e-07, 1e-06, 1e-05, 0.0001, 0.001, 0.01]}",COMPLETE
8,8,5.955348968505859,2025-01-06 12:55:13.458956,2025-01-06 13:01:02.508897,0 days 00:05:49.049941,100.0,0.001,8,"{'LOSS_SCALE': [1.0, 10.0, 100.0, 1000.0], 'lr': [1e-07, 1e-06, 1e-05, 0.0001, 0.001, 0.01]}",COMPLETE
9,9,4.820464611053467,2025-01-06 13:01:02.509897,2025-01-06 13:06:53.769555,0 days 00:05:51.259658,10.0,1e-05,9,"{'LOSS_SCALE': [1.0, 10.0, 100.0, 1000.0], 'lr': [1e-07, 1e-06, 1e-05, 0.0001, 0.001, 0.01]}",COMPLETE
10,10,23.200542449951172,2025-01-06 13:06:53.771556,2025-01-06 13:12:44.666484,0 days 00:05:50.894928,10.0,1e-07,10,"{'LOSS_SCALE': [1.0, 10.0, 100.0, 1000.0], 'lr': [1e-07, 1e-06, 1e-05, 0.0001, 0.001, 0.01]}",COMPLETE
11,11,20.0584659576416,2025-01-06 13:12:44.666484,2025-01-06 13:18:29.923968,0 days 00:05:45.257484,100.0,0.01,11,"{'LOSS_SCALE': [1.0, 10.0, 100.0, 1000.0], 'lr': [1e-07, 1e-06, 1e-05, 0.0001, 0.001, 0.01]}",COMPLETE
12,12,13.307655334472656,2025-01-06 13:18:29.925968,2025-01-06 13:24:09.775231,0 days 00:05:39.849263,1.0,0.001,12,"{'LOSS_SCALE': [1.0, 10.0, 100.0, 1000.0], 'lr': [1e-07, 1e-06, 1e-05, 0.0001, 0.001, 0.01]}",COMPLETE
13,13,4.946503162384033,2025-01-06 13:24:09.777233,2025-01-06 13:30:01.114842,0 days 00:05:51.337609,1.0,1e-05,13,"{'LOSS_SCALE': [1.0, 10.0, 100.0, 1000.0], 'lr': [1e-07, 1e-06, 1e-05, 0.0001, 0.001, 0.01]}",COMPLETE
14,14,24.26114273071289,2025-01-06 13:30:01.115841,2025-01-06 13:35:54.856100,0 days 00:05:53.740259,1.0,0.01,14,"{'LOSS_SCALE': [1.0, 10.0, 100.0, 1000.0], 'lr': [1e-07, 1e-06, 1e-05, 0.0001, 0.001, 0.01]}",COMPLETE
15,15,24.65683937072754,2025-01-06 13:35:54.858104,2025-01-06 13:41:48.915107,0 days 00:05:54.057003,1000.0,1e-07,15,"{'LOSS_SCALE': [1.0, 10.0, 100.0, 1000.0], 'lr': [1e-07, 1e-06, 1e-05, 0.0001, 0.001, 0.01]}",COMPLETE
16,16,3.1129579544067383,2025-01-06 13:41:48.916107,2025-01-06 13:47:45.703466,0 days 00:05:56.787359,10.0,0.0001,16,"{'LOSS_SCALE': [1.0, 10.0, 100.0, 1000.0], 'lr': [1e-07, 1e-06, 1e-05, 0.0001, 0.001, 0.01]}",COMPLETE
17,17,22.876903533935547,2025-01-06 13:47:45.705462,2025-01-06 13:53:21.318921,0 days 00:05:35.613459,10.0,1e-06,17,"{'LOSS_SCALE': [1.0, 10.0, 100.0, 1000.0], 'lr': [1e-07, 1e-06, 1e-05, 0.0001, 0.001, 0.01]}",COMPLETE
18,18,23.290220260620117,2025-01-06 13:53:21.319920,2025-01-06 13:58:57.588078,0 days 00:05:36.268158,1000.0,1e-06,18,"{'LOSS_SCALE': [1.0, 10.0, 100.0, 1000.0], 'lr': [1e-07, 1e-06, 1e-05, 0.0001, 0.001, 0.01]}",COMPLETE
19,19,2.8659939765930176,2025-01-06 13:58:57.590078,2025-01-06 14:04:27.132249,0 days 00:05:29.542171,1.0,0.0001,19,"{'LOSS_SCALE': [1.0, 10.0, 100.0, 1000.0], 'lr': [1e-07, 1e-06, 1e-05, 0.0001, 0.001, 0.01]}",COMPLETE
20,20,23.214326858520508,2025-01-06 14:04:27.133249,2025-01-06 14:09:55.879363,0 days 00:05:28.746114,1.0,1e-07,20,"{'LOSS_SCALE': [1.0, 10.0, 100.0, 1000.0], 'lr': [1e-07, 1e-06, 1e-05, 0.0001, 0.001, 0.01]}",COMPLETE
21,21,2.8096063137054443,2025-01-06 14:09:55.880363,2025-01-06 14:15:23.753676,0 days 00:05:27.873313,1000.0,0.0001,21,"{'LOSS_SCALE': [1.0, 10.0, 100.0, 1000.0], 'lr': [1e-07, 1e-06, 1e-05, 0.0001, 0.001, 0.01]}",COMPLETE
22,22,2.4563636779785156,2025-01-06 14:15:23.755676,2025-01-06 14:20:50.103829,0 days 00:05:26.348153,100.0,0.0001,22,"{'LOSS_SCALE': [1.0, 10.0, 100.0, 1000.0], 'lr': [1e-07, 1e-06, 1e-05, 0.0001, 0.001, 0.01]}",COMPLETE
23,23,23.2764949798584,2025-01-06 14:20:50.105829,2025-01-06 14:26:15.264023,0 days 00:05:25.158194,100.0,1e-07,23,"{'LOSS_SCALE': [1.0, 10.0, 100.0, 1000.0], 'lr': [1e-07, 1e-06, 1e-05, 0.0001, 0.001, 0.01]}",COMPLETE
