,number,value,datetime_start,datetime_complete,duration,params_LOSS_SCALE,params_lr,system_attrs_grid_id,system_attrs_search_space,state
0,0,26.047130584716797,2025-01-05 01:36:35.805656,2025-01-05 01:42:15.193058,0 days 00:05:39.387402,10.0,0.01,0,"{'LOSS_SCALE': [1.0, 10.0, 100.0, 1000.0], 'lr': [1e-07, 1e-06, 1e-05, 0.0001, 0.001, 0.01]}",COMPLETE
1,1,51.12320327758789,2025-01-05 01:42:15.194053,2025-01-05 01:47:51.169889,0 days 00:05:35.975836,10.0,0.001,1,"{'LOSS_SCALE': [1.0, 10.0, 100.0, 1000.0], 'lr': [1e-07, 1e-06, 1e-05, 0.0001, 0.001, 0.01]}",COMPLETE
2,2,11.399406433105469,2025-01-05 01:47:51.171883,2025-01-05 01:53:22.553248,0 days 00:05:31.381365,1000.0,0.001,2,"{'LOSS_SCALE': [1.0, 10.0, 100.0, 1000.0], 'lr': [1e-07, 1e-06, 1e-05, 0.0001, 0.001, 0.01]}",COMPLETE
3,3,2.6789307594299316,2025-01-05 01:53:22.554248,2025-01-05 01:58:52.976492,0 days 00:05:30.422244,100.0,1e-05,3,"{'LOSS_SCALE': [1.0, 10.0, 100.0, 1000.0], 'lr': [1e-07, 1e-06, 1e-05, 0.0001, 0.001, 0.01]}",COMPLETE
4,4,3.1961605548858643,2025-01-05 01:58:52.977492,2025-01-05 02:04:26.868570,0 days 00:05:33.891078,1000.0,1e-05,4,"{'LOSS_SCALE': [1.0, 10.0, 100.0, 1000.0], 'lr': [1e-07, 1e-06, 1e-05, 0.0001, 0.001, 0.01]}",COMPLETE
5,5,16.59590721130371,2025-01-05 02:04:26.869570,2025-01-05 02:10:02.389726,0 days 00:05:35.520156,1.0,1e-06,5,"{'LOSS_SCALE': [1.0, 10.0, 100.0, 1000.0], 'lr': [1e-07, 1e-06, 1e-05, 0.0001, 0.001, 0.01]}",COMPLETE
6,6,15.451656341552734,2025-01-05 02:10:02.390941,2025-01-05 02:15:36.765975,0 days 00:05:34.375034,100.0,1e-06,6,"{'LOSS_SCALE': [1.0, 10.0, 100.0, 1000.0], 'lr': [1e-07, 1e-06, 1e-05, 0.0001, 0.001, 0.01]}",COMPLETE
7,7,25.230722427368164,2025-01-05 02:15:36.767966,2025-01-05 02:21:09.839343,0 days 00:05:33.071377,1000.0,0.01,7,"{'LOSS_SCALE': [1.0, 10.0, 100.0, 1000.0], 'lr': [1e-07, 1e-06, 1e-05, 0.0001, 0.001, 0.01]}",COMPLETE
8,8,3.5564117431640625,2025-01-05 02:21:09.841343,2025-01-05 02:30:23.535024,0 days 00:09:13.693681,100.0,0.001,8,"{'LOSS_SCALE': [1.0, 10.0, 100.0, 1000.0], 'lr': [1e-07, 1e-06, 1e-05, 0.0001, 0.001, 0.01]}",COMPLETE
9,9,2.795250654220581,2025-01-05 02:30:23.535024,2025-01-05 02:44:40.317313,0 days 00:14:16.782289,10.0,1e-05,9,"{'LOSS_SCALE': [1.0, 10.0, 100.0, 1000.0], 'lr': [1e-07, 1e-06, 1e-05, 0.0001, 0.001, 0.01]}",COMPLETE
10,10,22.760234832763672,2025-01-05 02:44:40.317313,2025-01-05 02:54:38.938584,0 days 00:09:58.621271,10.0,1e-07,10,"{'LOSS_SCALE': [1.0, 10.0, 100.0, 1000.0], 'lr': [1e-07, 1e-06, 1e-05, 0.0001, 0.001, 0.01]}",COMPLETE
11,11,22.21136474609375,2025-01-05 02:54:38.938584,2025-01-05 03:02:58.793929,0 days 00:08:19.855345,100.0,0.01,11,"{'LOSS_SCALE': [1.0, 10.0, 100.0, 1000.0], 'lr': [1e-07, 1e-06, 1e-05, 0.0001, 0.001, 0.01]}",COMPLETE
12,12,9.091348648071289,2025-01-05 03:02:58.794929,2025-01-05 03:08:31.039781,0 days 00:05:32.244852,1.0,0.001,12,"{'LOSS_SCALE': [1.0, 10.0, 100.0, 1000.0], 'lr': [1e-07, 1e-06, 1e-05, 0.0001, 0.001, 0.01]}",COMPLETE
13,13,2.9238121509552,2025-01-05 03:08:31.041772,2025-01-05 03:13:44.696077,0 days 00:05:13.654305,1.0,1e-05,13,"{'LOSS_SCALE': [1.0, 10.0, 100.0, 1000.0], 'lr': [1e-07, 1e-06, 1e-05, 0.0001, 0.001, 0.01]}",COMPLETE
14,14,24.167001724243164,2025-01-05 03:13:44.697077,2025-01-05 03:18:52.653427,0 days 00:05:07.956350,1.0,0.01,14,"{'LOSS_SCALE': [1.0, 10.0, 100.0, 1000.0], 'lr': [1e-07, 1e-06, 1e-05, 0.0001, 0.001, 0.01]}",COMPLETE
15,15,23.307510375976562,2025-01-05 03:18:52.654427,2025-01-05 03:24:03.140088,0 days 00:05:10.485661,1000.0,1e-07,15,"{'LOSS_SCALE': [1.0, 10.0, 100.0, 1000.0], 'lr': [1e-07, 1e-06, 1e-05, 0.0001, 0.001, 0.01]}",COMPLETE
16,16,2.7239603996276855,2025-01-05 03:24:03.141082,2025-01-05 03:31:47.849200,0 days 00:07:44.708118,10.0,0.0001,16,"{'LOSS_SCALE': [1.0, 10.0, 100.0, 1000.0], 'lr': [1e-07, 1e-06, 1e-05, 0.0001, 0.001, 0.01]}",COMPLETE
17,17,16.197612762451172,2025-01-05 03:31:47.849200,2025-01-05 03:38:33.894204,0 days 00:06:46.045004,10.0,1e-06,17,"{'LOSS_SCALE': [1.0, 10.0, 100.0, 1000.0], 'lr': [1e-07, 1e-06, 1e-05, 0.0001, 0.001, 0.01]}",COMPLETE
18,18,17.110336303710938,2025-01-05 03:38:33.896204,2025-01-05 03:43:53.416663,0 days 00:05:19.520459,1000.0,1e-06,18,"{'LOSS_SCALE': [1.0, 10.0, 100.0, 1000.0], 'lr': [1e-07, 1e-06, 1e-05, 0.0001, 0.001, 0.01]}",COMPLETE
19,19,2.9475953578948975,2025-01-05 03:43:53.418654,2025-01-05 03:49:04.654442,0 days 00:05:11.235788,1.0,0.0001,19,"{'LOSS_SCALE': [1.0, 10.0, 100.0, 1000.0], 'lr': [1e-07, 1e-06, 1e-05, 0.0001, 0.001, 0.01]}",COMPLETE
20,20,24.46720314025879,2025-01-05 03:49:04.655442,2025-01-05 03:54:14.673437,0 days 00:05:10.017995,1.0,1e-07,20,"{'LOSS_SCALE': [1.0, 10.0, 100.0, 1000.0], 'lr': [1e-07, 1e-06, 1e-05, 0.0001, 0.001, 0.01]}",COMPLETE
21,21,2.658862829208374,2025-01-05 03:54:14.675433,2025-01-05 03:59:23.560388,0 days 00:05:08.884955,1000.0,0.0001,21,"{'LOSS_SCALE': [1.0, 10.0, 100.0, 1000.0], 'lr': [1e-07, 1e-06, 1e-05, 0.0001, 0.001, 0.01]}",COMPLETE
22,22,1.9026515483856201,2025-01-05 03:59:23.561388,2025-01-05 04:04:36.568366,0 days 00:05:13.006978,100.0,0.0001,22,"{'LOSS_SCALE': [1.0, 10.0, 100.0, 1000.0], 'lr': [1e-07, 1e-06, 1e-05, 0.0001, 0.001, 0.01]}",COMPLETE
23,23,23.7775821685791,2025-01-05 04:04:36.570366,2025-01-05 04:09:46.637336,0 days 00:05:10.066970,100.0,1e-07,23,"{'LOSS_SCALE': [1.0, 10.0, 100.0, 1000.0], 'lr': [1e-07, 1e-06, 1e-05, 0.0001, 0.001, 0.01]}",COMPLETE
