,number,value,datetime_start,datetime_complete,duration,params_LOSS_SCALE,params_lr,system_attrs_grid_id,system_attrs_search_space,state
0,0,20.647674560546875,2025-01-17 18:55:09.504010,2025-01-17 19:01:38.888080,0 days 00:06:29.384070,10.0,0.01,0,"{'LOSS_SCALE': [1.0, 10.0, 100.0, 1000.0], 'lr': [1e-07, 1e-06, 1e-05, 0.0001, 0.001, 0.01]}",COMPLETE
1,1,14.934212684631348,2025-01-17 19:01:38.890077,2025-01-17 19:08:47.961613,0 days 00:07:09.071536,10.0,0.001,1,"{'LOSS_SCALE': [1.0, 10.0, 100.0, 1000.0], 'lr': [1e-07, 1e-06, 1e-05, 0.0001, 0.001, 0.01]}",COMPLETE
2,2,13.814411163330078,2025-01-17 19:08:47.962613,2025-01-17 19:15:58.278691,0 days 00:07:10.316078,1000.0,0.001,2,"{'LOSS_SCALE': [1.0, 10.0, 100.0, 1000.0], 'lr': [1e-07, 1e-06, 1e-05, 0.0001, 0.001, 0.01]}",COMPLETE
3,3,6.281476974487305,2025-01-17 19:15:58.280691,2025-01-17 19:23:01.959005,0 days 00:07:03.678314,100.0,1e-05,3,"{'LOSS_SCALE': [1.0, 10.0, 100.0, 1000.0], 'lr': [1e-07, 1e-06, 1e-05, 0.0001, 0.001, 0.01]}",COMPLETE
4,4,6.345407009124756,2025-01-17 19:23:01.960005,2025-01-17 19:30:12.185558,0 days 00:07:10.225553,1000.0,1e-05,4,"{'LOSS_SCALE': [1.0, 10.0, 100.0, 1000.0], 'lr': [1e-07, 1e-06, 1e-05, 0.0001, 0.001, 0.01]}",COMPLETE
5,5,17.991748809814453,2025-01-17 19:30:12.186558,2025-01-17 19:37:21.052443,0 days 00:07:08.865885,1.0,1e-06,5,"{'LOSS_SCALE': [1.0, 10.0, 100.0, 1000.0], 'lr': [1e-07, 1e-06, 1e-05, 0.0001, 0.001, 0.01]}",COMPLETE
6,6,20.38983154296875,2025-01-17 19:37:21.053443,2025-01-17 19:44:33.792275,0 days 00:07:12.738832,100.0,1e-06,6,"{'LOSS_SCALE': [1.0, 10.0, 100.0, 1000.0], 'lr': [1e-07, 1e-06, 1e-05, 0.0001, 0.001, 0.01]}",COMPLETE
7,7,21.434537887573242,2025-01-17 19:44:33.794275,2025-01-17 19:51:39.155174,0 days 00:07:05.360899,1000.0,0.01,7,"{'LOSS_SCALE': [1.0, 10.0, 100.0, 1000.0], 'lr': [1e-07, 1e-06, 1e-05, 0.0001, 0.001, 0.01]}",COMPLETE
8,8,13.255839347839355,2025-01-17 19:51:39.157174,2025-01-17 19:58:44.642826,0 days 00:07:05.485652,100.0,0.001,8,"{'LOSS_SCALE': [1.0, 10.0, 100.0, 1000.0], 'lr': [1e-07, 1e-06, 1e-05, 0.0001, 0.001, 0.01]}",COMPLETE
9,9,8.033353805541992,2025-01-17 19:58:44.643826,2025-01-17 20:05:48.867546,0 days 00:07:04.223720,10.0,1e-05,9,"{'LOSS_SCALE': [1.0, 10.0, 100.0, 1000.0], 'lr': [1e-07, 1e-06, 1e-05, 0.0001, 0.001, 0.01]}",COMPLETE
10,10,24.17622184753418,2025-01-17 20:05:48.868547,2025-01-17 20:12:51.065582,0 days 00:07:02.197035,10.0,1e-07,10,"{'LOSS_SCALE': [1.0, 10.0, 100.0, 1000.0], 'lr': [1e-07, 1e-06, 1e-05, 0.0001, 0.001, 0.01]}",COMPLETE
11,11,19.247751235961914,2025-01-17 20:12:51.066582,2025-01-17 20:19:55.186354,0 days 00:07:04.119772,100.0,0.01,11,"{'LOSS_SCALE': [1.0, 10.0, 100.0, 1000.0], 'lr': [1e-07, 1e-06, 1e-05, 0.0001, 0.001, 0.01]}",COMPLETE
12,12,12.609567642211914,2025-01-17 20:19:55.187361,2025-01-17 20:26:58.311593,0 days 00:07:03.124232,1.0,0.001,12,"{'LOSS_SCALE': [1.0, 10.0, 100.0, 1000.0], 'lr': [1e-07, 1e-06, 1e-05, 0.0001, 0.001, 0.01]}",COMPLETE
13,13,5.705142021179199,2025-01-17 20:26:58.313596,2025-01-17 20:34:02.775171,0 days 00:07:04.461575,1.0,1e-05,13,"{'LOSS_SCALE': [1.0, 10.0, 100.0, 1000.0], 'lr': [1e-07, 1e-06, 1e-05, 0.0001, 0.001, 0.01]}",COMPLETE
14,14,20.51898765563965,2025-01-17 20:34:02.776172,2025-01-17 20:41:09.221609,0 days 00:07:06.445437,1.0,0.01,14,"{'LOSS_SCALE': [1.0, 10.0, 100.0, 1000.0], 'lr': [1e-07, 1e-06, 1e-05, 0.0001, 0.001, 0.01]}",COMPLETE
15,15,24.850109100341797,2025-01-17 20:41:09.223609,2025-01-17 20:48:12.976585,0 days 00:07:03.752976,1000.0,1e-07,15,"{'LOSS_SCALE': [1.0, 10.0, 100.0, 1000.0], 'lr': [1e-07, 1e-06, 1e-05, 0.0001, 0.001, 0.01]}",COMPLETE
16,16,8.304494857788086,2025-01-17 20:48:12.977583,2025-01-17 20:55:18.455820,0 days 00:07:05.478237,10.0,0.0001,16,"{'LOSS_SCALE': [1.0, 10.0, 100.0, 1000.0], 'lr': [1e-07, 1e-06, 1e-05, 0.0001, 0.001, 0.01]}",COMPLETE
17,17,20.60165786743164,2025-01-17 20:55:18.456819,2025-01-17 21:02:21.302607,0 days 00:07:02.845788,10.0,1e-06,17,"{'LOSS_SCALE': [1.0, 10.0, 100.0, 1000.0], 'lr': [1e-07, 1e-06, 1e-05, 0.0001, 0.001, 0.01]}",COMPLETE
18,18,20.81550407409668,2025-01-17 21:02:21.304611,2025-01-17 21:09:25.769279,0 days 00:07:04.464668,1000.0,1e-06,18,"{'LOSS_SCALE': [1.0, 10.0, 100.0, 1000.0], 'lr': [1e-07, 1e-06, 1e-05, 0.0001, 0.001, 0.01]}",COMPLETE
19,19,5.01978063583374,2025-01-17 21:09:25.770278,2025-01-17 21:16:28.941239,0 days 00:07:03.170961,1.0,0.0001,19,"{'LOSS_SCALE': [1.0, 10.0, 100.0, 1000.0], 'lr': [1e-07, 1e-06, 1e-05, 0.0001, 0.001, 0.01]}",COMPLETE
20,20,24.99639892578125,2025-01-17 21:16:28.942239,2025-01-17 21:23:32.695540,0 days 00:07:03.753301,1.0,1e-07,20,"{'LOSS_SCALE': [1.0, 10.0, 100.0, 1000.0], 'lr': [1e-07, 1e-06, 1e-05, 0.0001, 0.001, 0.01]}",COMPLETE
21,21,6.841737270355225,2025-01-17 21:23:32.697539,2025-01-17 21:30:36.498374,0 days 00:07:03.800835,1000.0,0.0001,21,"{'LOSS_SCALE': [1.0, 10.0, 100.0, 1000.0], 'lr': [1e-07, 1e-06, 1e-05, 0.0001, 0.001, 0.01]}",COMPLETE
22,22,5.246455192565918,2025-01-17 21:30:36.499372,2025-01-17 21:37:39.767632,0 days 00:07:03.268260,100.0,0.0001,22,"{'LOSS_SCALE': [1.0, 10.0, 100.0, 1000.0], 'lr': [1e-07, 1e-06, 1e-05, 0.0001, 0.001, 0.01]}",COMPLETE
23,23,23.858779907226562,2025-01-17 21:37:39.769628,2025-01-17 21:44:46.459155,0 days 00:07:06.689527,100.0,1e-07,23,"{'LOSS_SCALE': [1.0, 10.0, 100.0, 1000.0], 'lr': [1e-07, 1e-06, 1e-05, 0.0001, 0.001, 0.01]}",COMPLETE
