,number,value,datetime_start,datetime_complete,duration,params_LOSS_SCALE,params_lr,system_attrs_grid_id,system_attrs_search_space,state
0,0,24.800691604614258,2025-02-27 09:44:05.340937,2025-02-27 09:50:27.554944,0 days 00:06:22.214007,10.0,0.01,0,"{'LOSS_SCALE': [1.0, 10.0, 100.0, 1000.0], 'lr': [1e-07, 1e-06, 1e-05, 0.0001, 0.001, 0.01]}",COMPLETE
1,1,24.629426956176758,2025-02-27 09:50:27.556943,2025-02-27 09:57:07.992553,0 days 00:06:40.435610,10.0,0.001,1,"{'LOSS_SCALE': [1.0, 10.0, 100.0, 1000.0], 'lr': [1e-07, 1e-06, 1e-05, 0.0001, 0.001, 0.01]}",COMPLETE
2,2,21.32353973388672,2025-02-27 09:57:07.994549,2025-02-27 10:03:46.889679,0 days 00:06:38.895130,1000.0,0.001,2,"{'LOSS_SCALE': [1.0, 10.0, 100.0, 1000.0], 'lr': [1e-07, 1e-06, 1e-05, 0.0001, 0.001, 0.01]}",COMPLETE
3,3,2.876207113265991,2025-02-27 10:03:46.891678,2025-02-27 10:10:27.591029,0 days 00:06:40.699351,100.0,1e-05,3,"{'LOSS_SCALE': [1.0, 10.0, 100.0, 1000.0], 'lr': [1e-07, 1e-06, 1e-05, 0.0001, 0.001, 0.01]}",COMPLETE
4,4,3.359191417694092,2025-02-27 10:10:27.592029,2025-02-27 10:17:11.498891,0 days 00:06:43.906862,1000.0,1e-05,4,"{'LOSS_SCALE': [1.0, 10.0, 100.0, 1000.0], 'lr': [1e-07, 1e-06, 1e-05, 0.0001, 0.001, 0.01]}",COMPLETE
5,5,6.826076984405518,2025-02-27 10:17:11.500901,2025-02-27 10:23:58.523701,0 days 00:06:47.022800,1.0,1e-06,5,"{'LOSS_SCALE': [1.0, 10.0, 100.0, 1000.0], 'lr': [1e-07, 1e-06, 1e-05, 0.0001, 0.001, 0.01]}",COMPLETE
6,6,6.689545154571533,2025-02-27 10:23:58.524700,2025-02-27 10:30:56.692337,0 days 00:06:58.167637,100.0,1e-06,6,"{'LOSS_SCALE': [1.0, 10.0, 100.0, 1000.0], 'lr': [1e-07, 1e-06, 1e-05, 0.0001, 0.001, 0.01]}",COMPLETE
7,7,23.616464614868164,2025-02-27 10:30:56.694337,2025-02-27 10:37:32.023199,0 days 00:06:35.328862,1000.0,0.01,7,"{'LOSS_SCALE': [1.0, 10.0, 100.0, 1000.0], 'lr': [1e-07, 1e-06, 1e-05, 0.0001, 0.001, 0.01]}",COMPLETE
8,8,23.134803771972656,2025-02-27 10:37:32.025200,2025-02-27 10:44:24.800382,0 days 00:06:52.775182,100.0,0.001,8,"{'LOSS_SCALE': [1.0, 10.0, 100.0, 1000.0], 'lr': [1e-07, 1e-06, 1e-05, 0.0001, 0.001, 0.01]}",COMPLETE
9,9,3.7884304523468018,2025-02-27 10:44:24.802382,2025-02-27 10:50:52.552173,0 days 00:06:27.749791,10.0,1e-05,9,"{'LOSS_SCALE': [1.0, 10.0, 100.0, 1000.0], 'lr': [1e-07, 1e-06, 1e-05, 0.0001, 0.001, 0.01]}",COMPLETE
10,10,17.819835662841797,2025-02-27 10:50:52.554173,2025-02-27 10:57:24.547104,0 days 00:06:31.992931,10.0,1e-07,10,"{'LOSS_SCALE': [1.0, 10.0, 100.0, 1000.0], 'lr': [1e-07, 1e-06, 1e-05, 0.0001, 0.001, 0.01]}",COMPLETE
11,11,18.437387466430664,2025-02-27 10:57:24.548104,2025-02-27 11:04:02.508204,0 days 00:06:37.960100,100.0,0.01,11,"{'LOSS_SCALE': [1.0, 10.0, 100.0, 1000.0], 'lr': [1e-07, 1e-06, 1e-05, 0.0001, 0.001, 0.01]}",COMPLETE
12,12,24.01744842529297,2025-02-27 11:04:02.510204,2025-02-27 11:11:02.320728,0 days 00:06:59.810524,1.0,0.001,12,"{'LOSS_SCALE': [1.0, 10.0, 100.0, 1000.0], 'lr': [1e-07, 1e-06, 1e-05, 0.0001, 0.001, 0.01]}",COMPLETE
13,13,3.380274534225464,2025-02-27 11:11:02.323773,2025-02-27 11:17:52.509776,0 days 00:06:50.186003,1.0,1e-05,13,"{'LOSS_SCALE': [1.0, 10.0, 100.0, 1000.0], 'lr': [1e-07, 1e-06, 1e-05, 0.0001, 0.001, 0.01]}",COMPLETE
14,14,26.15614128112793,2025-02-27 11:17:52.511776,2025-02-27 11:24:40.049118,0 days 00:06:47.537342,1.0,0.01,14,"{'LOSS_SCALE': [1.0, 10.0, 100.0, 1000.0], 'lr': [1e-07, 1e-06, 1e-05, 0.0001, 0.001, 0.01]}",COMPLETE
15,15,20.847721099853516,2025-02-27 11:24:40.050118,2025-02-27 11:31:23.785128,0 days 00:06:43.735010,1000.0,1e-07,15,"{'LOSS_SCALE': [1.0, 10.0, 100.0, 1000.0], 'lr': [1e-07, 1e-06, 1e-05, 0.0001, 0.001, 0.01]}",COMPLETE
16,16,2.7804245948791504,2025-02-27 11:31:23.787128,2025-02-27 11:38:18.355644,0 days 00:06:54.568516,10.0,0.0001,16,"{'LOSS_SCALE': [1.0, 10.0, 100.0, 1000.0], 'lr': [1e-07, 1e-06, 1e-05, 0.0001, 0.001, 0.01]}",COMPLETE
17,17,6.711531639099121,2025-02-27 11:38:18.357642,2025-02-27 11:45:14.963019,0 days 00:06:56.605377,10.0,1e-06,17,"{'LOSS_SCALE': [1.0, 10.0, 100.0, 1000.0], 'lr': [1e-07, 1e-06, 1e-05, 0.0001, 0.001, 0.01]}",COMPLETE
18,18,7.064426422119141,2025-02-27 11:45:14.965023,2025-02-27 11:51:56.874549,0 days 00:06:41.909526,1000.0,1e-06,18,"{'LOSS_SCALE': [1.0, 10.0, 100.0, 1000.0], 'lr': [1e-07, 1e-06, 1e-05, 0.0001, 0.001, 0.01]}",COMPLETE
19,19,3.2476205825805664,2025-02-27 11:51:56.876549,2025-02-27 11:58:45.759056,0 days 00:06:48.882507,1.0,0.0001,19,"{'LOSS_SCALE': [1.0, 10.0, 100.0, 1000.0], 'lr': [1e-07, 1e-06, 1e-05, 0.0001, 0.001, 0.01]}",COMPLETE
20,20,16.729862213134766,2025-02-27 11:58:45.761056,2025-02-27 12:05:44.763188,0 days 00:06:59.002132,1.0,1e-07,20,"{'LOSS_SCALE': [1.0, 10.0, 100.0, 1000.0], 'lr': [1e-07, 1e-06, 1e-05, 0.0001, 0.001, 0.01]}",COMPLETE
21,21,5.272980690002441,2025-02-27 12:05:44.764189,2025-02-27 12:12:31.311652,0 days 00:06:46.547463,1000.0,0.0001,21,"{'LOSS_SCALE': [1.0, 10.0, 100.0, 1000.0], 'lr': [1e-07, 1e-06, 1e-05, 0.0001, 0.001, 0.01]}",COMPLETE
22,22,3.7197258472442627,2025-02-27 12:12:31.313654,2025-02-27 12:19:35.952595,0 days 00:07:04.638941,100.0,0.0001,22,"{'LOSS_SCALE': [1.0, 10.0, 100.0, 1000.0], 'lr': [1e-07, 1e-06, 1e-05, 0.0001, 0.001, 0.01]}",COMPLETE
23,23,18.217111587524414,2025-02-27 12:19:35.954595,2025-02-27 12:26:15.389976,0 days 00:06:39.435381,100.0,1e-07,23,"{'LOSS_SCALE': [1.0, 10.0, 100.0, 1000.0], 'lr': [1e-07, 1e-06, 1e-05, 0.0001, 0.001, 0.01]}",COMPLETE
