,number,value,datetime_start,datetime_complete,duration,params_lr,system_attrs_grid_id,system_attrs_search_space,state
0,0,4.986752986907959,2025-01-15 10:48:34.826145,2025-01-15 10:55:00.622880,0 days 00:06:25.796735,0.0008,0,"{'lr': [0.0001, 0.0002, 0.00030000000000000003, 0.0004, 0.0005, 0.0006000000000000001, 0.0007, 0.0008, 0.0009000000000000001]}",COMPLETE
1,1,3.158517599105835,2025-01-15 10:55:00.623881,2025-01-15 11:00:54.644802,0 days 00:05:54.020921,0.00030000000000000003,1,"{'lr': [0.0001, 0.0002, 0.00030000000000000003, 0.0004, 0.0005, 0.0006000000000000001, 0.0007, 0.0008, 0.0009000000000000001]}",COMPLETE
2,2,2.181795120239258,2025-01-15 11:00:54.645805,2025-01-15 11:06:51.029602,0 days 00:05:56.383797,0.0002,2,"{'lr': [0.0001, 0.0002, 0.00030000000000000003, 0.0004, 0.0005, 0.0006000000000000001, 0.0007, 0.0008, 0.0009000000000000001]}",COMPLETE
3,3,2.652951240539551,2025-01-15 11:06:51.031601,2025-01-15 11:12:46.340560,0 days 00:05:55.308959,0.0005,3,"{'lr': [0.0001, 0.0002, 0.00030000000000000003, 0.0004, 0.0005, 0.0006000000000000001, 0.0007, 0.0008, 0.0009000000000000001]}",COMPLETE
4,4,5.96851110458374,2025-01-15 11:12:46.341560,2025-01-15 11:18:37.034536,0 days 00:05:50.692976,0.0009000000000000001,4,"{'lr': [0.0001, 0.0002, 0.00030000000000000003, 0.0004, 0.0005, 0.0006000000000000001, 0.0007, 0.0008, 0.0009000000000000001]}",COMPLETE
5,5,7.028702735900879,2025-01-15 11:18:37.035536,2025-01-15 11:24:30.656299,0 days 00:05:53.620763,0.0007,5,"{'lr': [0.0001, 0.0002, 0.00030000000000000003, 0.0004, 0.0005, 0.0006000000000000001, 0.0007, 0.0008, 0.0009000000000000001]}",COMPLETE
6,6,13.819336891174316,2025-01-15 11:24:30.657299,2025-01-15 11:30:25.017567,0 days 00:05:54.360268,0.0004,6,"{'lr': [0.0001, 0.0002, 0.00030000000000000003, 0.0004, 0.0005, 0.0006000000000000001, 0.0007, 0.0008, 0.0009000000000000001]}",COMPLETE
7,7,1.887576937675476,2025-01-15 11:30:25.018566,2025-01-15 11:36:16.635921,0 days 00:05:51.617355,0.0001,7,"{'lr': [0.0001, 0.0002, 0.00030000000000000003, 0.0004, 0.0005, 0.0006000000000000001, 0.0007, 0.0008, 0.0009000000000000001]}",COMPLETE
8,8,4.56660270690918,2025-01-15 11:36:16.636923,2025-01-15 11:42:10.858963,0 days 00:05:54.222040,0.0006000000000000001,8,"{'lr': [0.0001, 0.0002, 0.00030000000000000003, 0.0004, 0.0005, 0.0006000000000000001, 0.0007, 0.0008, 0.0009000000000000001]}",COMPLETE
