,number,value,datetime_start,datetime_complete,duration,params_lr,system_attrs_grid_id,system_attrs_search_space,state
0,0,2.9430079460144043,2025-01-08 00:13:27.545023,2025-01-08 00:20:40.104843,0 days 00:07:12.559820,0.0008,0,"{'lr': [0.0001, 0.0002, 0.00030000000000000003, 0.0004, 0.0005, 0.0006000000000000001, 0.0007, 0.0008, 0.0009000000000000001]}",COMPLETE
1,1,12.062114715576172,2025-01-08 00:20:40.106843,2025-01-08 00:28:26.503953,0 days 00:07:46.397110,0.00030000000000000003,1,"{'lr': [0.0001, 0.0002, 0.00030000000000000003, 0.0004, 0.0005, 0.0006000000000000001, 0.0007, 0.0008, 0.0009000000000000001]}",COMPLETE
2,2,2.696432590484619,2025-01-08 00:28:26.505953,2025-01-08 00:36:17.464444,0 days 00:07:50.958491,0.0002,2,"{'lr': [0.0001, 0.0002, 0.00030000000000000003, 0.0004, 0.0005, 0.0006000000000000001, 0.0007, 0.0008, 0.0009000000000000001]}",COMPLETE
3,3,2.732160806655884,2025-01-08 00:36:17.466444,2025-01-08 00:44:16.617747,0 days 00:07:59.151303,0.0005,3,"{'lr': [0.0001, 0.0002, 0.00030000000000000003, 0.0004, 0.0005, 0.0006000000000000001, 0.0007, 0.0008, 0.0009000000000000001]}",COMPLETE
4,4,5.770406246185303,2025-01-08 00:44:16.619748,2025-01-08 00:51:51.595691,0 days 00:07:34.975943,0.0009000000000000001,4,"{'lr': [0.0001, 0.0002, 0.00030000000000000003, 0.0004, 0.0005, 0.0006000000000000001, 0.0007, 0.0008, 0.0009000000000000001]}",COMPLETE
5,5,5.801247596740723,2025-01-08 00:51:51.597691,2025-01-08 00:59:25.002316,0 days 00:07:33.404625,0.0007,5,"{'lr': [0.0001, 0.0002, 0.00030000000000000003, 0.0004, 0.0005, 0.0006000000000000001, 0.0007, 0.0008, 0.0009000000000000001]}",COMPLETE
6,6,1.728774070739746,2025-01-08 00:59:25.004315,2025-01-08 01:06:55.275576,0 days 00:07:30.271261,0.0004,6,"{'lr': [0.0001, 0.0002, 0.00030000000000000003, 0.0004, 0.0005, 0.0006000000000000001, 0.0007, 0.0008, 0.0009000000000000001]}",COMPLETE
7,7,2.5787692070007324,2025-01-08 01:06:55.276578,2025-01-08 01:14:25.799803,0 days 00:07:30.523225,0.0001,7,"{'lr': [0.0001, 0.0002, 0.00030000000000000003, 0.0004, 0.0005, 0.0006000000000000001, 0.0007, 0.0008, 0.0009000000000000001]}",COMPLETE
8,8,2.0479235649108887,2025-01-08 01:14:25.800803,2025-01-08 01:21:50.198288,0 days 00:07:24.397485,0.0006000000000000001,8,"{'lr': [0.0001, 0.0002, 0.00030000000000000003, 0.0004, 0.0005, 0.0006000000000000001, 0.0007, 0.0008, 0.0009000000000000001]}",COMPLETE
